[2m[thinking] [0m[2mThe[0m[2m user[0m[2m is[0m[2m asking[0m[2m me[0m[2m to[0m[2m act[0m[2m as[0m[2m a[0m[2m sub[0m[2m-agent[0m[2m in[0m[2m the[0m[2m Ant[0m[2mig[0m[2mravity[0m[2m IDE[0m[2m and[0m[2m is[0m[2m providing[0m[2m me[0m[2m with[0m[2m a[0m[2m specific[0m[2m syntax[0m[2m to[0m[2m use[0m[2m for[0m[2m actions[0m[2m.[0m[2m However[0m[2m,[0m[2m I[0m[2m don[0m[2m't[0m[2m see[0m[2m what[0m[2m syntax[0m[2m they[0m[2m're[0m[2m referring[0m[2m to[0m[2m -[0m[2m the[0m[2m message[0m[2m seems[0m[2m to[0m[2m be[0m[2m cut[0m[2m off[0m[2m or[0m[2m incomplete[0m[2m.[0m[2m Let[0m[2m me[0m[2m ask[0m[2m for[0m[2m clarification[0m[2m about[0m[2m what[0m[2m syntax[0m[2m they[0m[2m want[0m[2m me[0m[2m to[0m[2m use[0m[2m.

[0m[2mWait[0m[2m,[0m[2m looking[0m[2m more[0m[2m carefully[0m[2m,[0m[2m it[0m[2m seems[0m[2m like[0m[2m they[0m[2m're[0m[2m setting[0m[2m up[0m[2m a[0m[2m context[0m[2m where[0m[2m they[0m[2m want[0m[2m me[0m[2m to[0m[2m follow[0m[2m a[0m[2m specific[0m[2m syntax[0m[2m,[0m[2m but[0m[2m the[0m[2m message[0m[2m ends[0m[2m abruptly[0m[2m.[0m[2m Let[0m[2m me[0m[2m ask[0m[2m them[0m[2m what[0m[2m they[0m[2m need[0m[2m.[0m
It looks like your message was cut off — I can see you're setting up a shim layer for the Antigravity IDE, but I didn't receive the specific syntax you want me to use for performing actions.

Could you please share the complete syntax or format I should follow? For example:

- What's the structure of the shim commands?
- What actions does the shim support (file read/write, search, run commands, etc.)?
- What's the working context or task you need me to work on?

Once you provide the full details, I'll execute the task precisely as instructed.
[2m[thinking] [0m[2mLet[0m[2m me[0m[2m start[0m[2m by[0m[2m understanding[0m[2m the[0m[2m project[0m[2m structure[0m[2m and[0m[2m what[0m[2m we[0m[2m're[0m[2m working[0m[2m with[0m[2m.[0m[2m I[0m[2m'm[0m[2m the[0m[2m Junior[0m[2m agent[0m[2m tasked[0m[2m with[0m[2m executing[0m[2m the[0m[2m Full[0m[2m Corpus[0m[2m Bootstrap[0m[2m Download[0m[2m for[0m[2m New[0m[2m Zealand[0m[2m legislation[0m[2m.[0m[2m Let[0m[2m me[0m[2m first[0m[2m explore[0m[2m the[0m[2m repository[0m[2m to[0m[2m understand[0m[2m the[0m[2m code[0m[2mbase[0m[2m.[0m
I'll start by exploring the repository structure and understanding the existing codebase before executing any tasks.
[36m[run_commands][0m powershell -Command Get-ChildItem -Path 'C:\Users\60217257\OneDrive - Flinders\repos\legal-nz\corpus-law-nz' -Recurse...
   [90m⎿ [0m[2mFullName                                                                     ...[0m
[2m[thinking] [0m[2mThis[0m[2m is[0m[2m a[0m[2m massive[0m[2m repository[0m[2m.[0m[2m Let[0m[2m me[0m[2m focus[0m[2m on[0m[2m understanding[0m[2m the[0m[2m key[0m[2m files[0m[2m related[0m[2m to[0m[2m the[0m[2m task[0m[2m:[0m[2m full[0m[2m corpus[0m[2m bootstrap[0m[2m,[0m[2m historical[0m[2m batch[0m[2m processing[0m[2m,[0m[2m and[0m[2m sche[0m[2mmas[0m[2m.[0m[2m Let[0m[2m me[0m[2m read[0m[2m the[0m[2m key[0m[2m workflow[0m[2m files[0m[2m and[0m[2m source[0m[2m code[0m[2m.[0m
Let me read the key files to understand the project structure and what needs to be done.
[36m[read_files][0m {"files":[{"path":"C:\\Users\\60217257\\OneDrive - Flinde...
   [90m⎿ [0m[2m1 | name: Full corpus bootstrap
   2 | 
   3 | on:
   4 |   workflow_dispatch... (+4 more)[0m
[36m[run_commands][0m powershell -Command Get-ChildItem -Path 'C:\Users\60217257\OneDrive - Flinders\repos\legal-nz\corpus-law-nz\src' -Rec...
   [90m⎿ [0m[2mFullName                                                                     ...[0m
[2m[thinking] [0m[2mLet[0m[2m me[0m[2m now[0m[2m explore[0m[2m the[0m[2m key[0m[2m source[0m[2m files[0m[2m:[0m[2m schema[0m[2m.py[0m[2m,[0m[2m validate[0m[2m.py[0m[2m,[0m[2m the[0m[2m cl[0m[2mi[0m[2m.py[0m[2m,[0m[2m and[0m[2m the[0m[2m seeds[0m[2m directory[0m[2m to[0m[2m understand[0m[2m the[0m[2m full[0m[2m structure[0m[2m.[0m
Let me explore the source modules and seed files to understand the validation and schema structure.
[36m[read_files][0m {"files":[{"path":"C:\\Users\\60217257\\OneDrive - Flinde...
   [90m⎿ [0m[2m1 | from __future__ import annotations 2 |  3 | RECORD_SCHEMA_VERSION = "1.0"... (+4 more)[0m
[36m[run_commands][0m powershell -Command Get-ChildItem -Path 'C:\Users\60217257\OneDrive - Flinders\repos\legal-nz\corpus-law-nz\seeds' -R...
   [90m⎿ [0m[2mFullName                                                                     ...[0m
[2m[thinking] [0m[2mNow[0m[2m I[0m[2m have[0m[2m a[0m[2m good[0m[2m understanding[0m[2m of[0m[2m the[0m[2m project[0m[2m.[0m[2m Let[0m[2m me[0m[2m also[0m[2m check[0m[2m the[0m[2m sche[0m[2mmas[0m[2m directory[0m[2m and[0m[2m the[0m[2m scripts[0m[2m for[0m[2m historical[0m[2m workflow[0m[2m helpers[0m[2m.[0m
Let me check the schemas, scripts, and existing data to understand the full picture.
[36m[read_files][0m {"files":[{"path":"C:\\Users\\60217257\\OneDrive - Flinde...
   [90m⎿ [0m[2m1 | {  2 |   "$schema": "https://json-schema.org/draft/2020-12/schema",  3 | ... (+3 more)[0m
[36m[run_commands][0m powershell -Command Get-ChildItem -Path 'C:\Users\60217257\OneDrive - Flinders\repos\legal-nz\corpus-law-nz\data' -De...
   [90m⎿ [0m[2mFullName                                                                     ...[0m
[2m[thinking] [0m[2mNow[0m[2m let[0m[2m me[0m[2m check[0m[2m the[0m[2m existing[0m[2m data[0m[2m and[0m[2m see[0m[2m if[0m[2m there[0m[2m are[0m[2m already[0m[2m any[0m[2m records[0m[2m,[0m[2m and[0m[2m what[0m[2m the[0m[2m Make[0m[2mfile[0m[2m looks[0m[2m like[0m[2m.[0m[2m I[0m[2m also[0m[2m need[0m[2m to[0m[2m understand[0m[2m the[0m[2m full[0m[2m test[0m[2m suite[0m[2m.[0m
Let me check the existing data, the Makefile, the normalized records, and run a quick test to validate the current state.
[36m[read_files][0m {"files":[{"path":"C:\\Users\\60217257\\OneDrive - Flinde...
   [90m⎿ [0m[2m1 | {"administering_agencies": ["Example Agency"], "api_url": "https://api.le... (+2 more)[0m
[36m[run_commands][0m powershell -Command cd 'C:\Users\60217257\OneDrive - Flinders\repos\legal-nz\corpus-law-nz'; .\.venv\Scripts\python.e...
   [90m⎿ [0m[32mok[0m
[2m[thinking] [0m[2mThe[0m[2m virtual[0m[2m environment[0m[2m seems[0m[2m to[0m[2m have[0m[2m issues[0m[2m due[0m[2m to[0m[2m a[0m[2m Python[0m[2m S[0m[2mRE[0m[2m module[0m[2m mismatch[0m[2m ([0m[2mlikely[0m[2m a[0m[2m Windows[0m[2m/[0m[2muv[0m[2m path[0m[2m issue[0m[2m).[0m[2m Let[0m[2m me[0m[2m check[0m[2m if[0m[2m there[0m[2m's[0m[2m a[0m[2m different[0m[2m way[0m[2m to[0m[2m run[0m[2m tests[0m[2m,[0m[2m or[0m[2m check[0m[2m the[0m[2m uv[0m[2m setup[0m[2m.

[0m[2mLet[0m[2m me[0m[2m check[0m[2m if[0m[2m uv[0m[2m can[0m[2m run[0m[2m things[0m[2m,[0m[2m or[0m[2m check[0m[2m the[0m[2m ven[0m[2mv[0m[2m differently[0m[2m.[0m
The venv has SRE module mismatch. Let me figure out the correct way to run commands.
[36m[run_commands][0m powershell -Command cd 'C:\Users\60217257\OneDrive - Flinders\repos\legal-nz\corpus-law-nz'; uv run --frozen python -...
   [90m⎿ [0m[32mok[0m
[2m[thinking] [0m[2mThe[0m[2m uv[0m[2m build[0m[2m is[0m[2m failing[0m[2m due[0m[2m to[0m[2m a[0m[2m hatch[0m[2mling[0m[2m issue[0m[2m ([0m[2mprobably[0m[2m missing[0m[2m de[0m[2mps[0m[2m).[0m[2m Let[0m[2m me[0m[2m check[0m[2m the[0m[2m .[0m[2mven[0m[2mv[0m[2m state[0m[2m and[0m[2m try[0m[2m a[0m[2m different[0m[2m approach[0m[2m -[0m[2m maybe[0m[2m just[0m[2m run[0m[2m Python[0m[2m directly[0m[2m after[0m[2m activating[0m[2m the[0m[2m ven[0m[2mv[0m[2m.[0m
[36m[run_commands][0m powershell -Command cd 'C:\Users\60217257\OneDrive - Flinders\repos\legal-nz\corpus-law-nz'; $env:PYTHONPATH='src'; ....
   [90m⎿ [0m[32mok[0m
[2m[thinking] [0m[2mThere[0m[2m's[0m[2m a[0m[2m Python[0m[2m interpreter[0m[2m mismatch[0m[2m issue[0m[2m.[0m[2m The[0m[2m .[0m[2mven[0m[2mv[0m[2m was[0m[2m created[0m[2m using[0m[2m a[0m[2m uv[0m[2m-man[0m[2maged[0m[2m Python[0m[2m,[0m[2m but[0m[2m the[0m[2m system[0m[2m Python[0m[2m has[0m[2m a[0m[2m different[0m[2m S[0m[2mRE[0m[2m module[0m[2m version[0m[2m.[0m[2m This[0m[2m is[0m[2m a[0m[2m common[0m[2m issue[0m[2m on[0m[2m Windows[0m[2m with[0m[2m uv[0m[2m-man[0m[2maged[0m[2m Python[0m[2m environments[0m[2m.[0m[2m Let[0m[2m me[0m[2m try[0m[2m using[0m[2m the[0m[2m Python[0m[2m from[0m[2m the[0m[2m uv[0m[2m cache[0m[2m directly[0m[2m.[0m
[36m[run_commands][0m powershell -Command cd 'C:\Users\60217257\OneDrive - Flinders\repos\legal-nz\corpus-law-nz'; Get-Content .venv\pyvenv...
   [90m⎿ [0m[2mhome = C:\Users\60217257\AppData\Roaming\uv\python\cpython-3.12.12-windows-x8...[0m
[2m[thinking] [0m[2mThe[0m[2m .[0m[2mven[0m[2mv[0m[2m uses[0m[2m Python[0m[2m [0m[2m3[0m[2m.[0m[2m12[0m[2m.[0m[2m12[0m[2m from[0m[2m uv[0m[2m cache[0m[2m,[0m[2m but[0m[2m it[0m[2m's[0m[2m picking[0m[2m up[0m[2m the[0m[2m [0m[2m3[0m[2m.[0m[2m11[0m[2m standard[0m[2m library[0m[2m from[0m[2m the[0m[2m wrong[0m[2m location[0m[2m.[0m[2m This[0m[2m is[0m[2m a[0m[2m uv[0m[2m/C[0m[2monda[0m[2m path[0m[2m issue[0m[2m.[0m[2m Let[0m[2m me[0m[2m try[0m[2m using[0m[2m the[0m[2m Python[0m[2m from[0m[2m the[0m[2m uv[0m[2m-man[0m[2maged[0m[2m location[0m[2m directly[0m[2m.[0m
[36m[run_commands][0m powershell -Command & 'C:\Users\60217257\AppData\Roaming\uv\python\cpython-3.12.12-windows-x86_64-none\python.exe' -c...
   [90m⎿ [0m[32mok[0m
[2m[thinking] [0m[2mThere[0m[2m's[0m[2m a[0m[2m serious[0m[2m Python[0m[2m environment[0m[2m mismatch[0m[2m issue[0m[2m on[0m[2m this[0m[2m machine[0m[2m.[0m[2m The[0m[2m uv[0m[2m-man[0m[2maged[0m[2m Python[0m[2m [0m[2m3[0m[2m.[0m[2m12[0m[2m is[0m[2m somehow[0m[2m picking[0m[2m up[0m[2m the[0m[2m [0m[2m3[0m[2m.[0m[2m11[0m[2m std[0m[2mlib[0m[2m.[0m[2m This[0m[2m is[0m[2m a[0m[2m broken[0m[2m uv[0m[2m Python[0m[2m installation[0m[2m.[0m[2m Let[0m[2m me[0m[2m try[0m[2m with[0m[2m the[0m[2m system[0m[2m Python[0m[2m directly[0m[2m or[0m[2m check[0m[2m what[0m[2m Python[0m[2m versions[0m[2m are[0m[2m available[0m[2m.[0m
[36m[run_commands][0m powershell -Command where.exe python 2>&1; python --version 2>&1
   [90m⎿ [0m[2mC:\Users\60217257\AppData\Local\hermes\hermes-agent\venv\Scripts\python.exe
 ...[0m
[2m[thinking] [0m[2mLet[0m[2m me[0m[2m try[0m[2m with[0m[2m the[0m[2m system[0m[2m Python[0m[2m [0m[2m3[0m[2m.[0m[2m12[0m[2m directly[0m[2m:[0m
[36m[run_commands][0m powershell -Command & 'C:\Users\60217257\AppData\Local\Programs\Python\Python312\python.exe' -c "import sys; print(sy...
   [90m⎿ [0m[32mok[0m
[2m[thinking] [0m[2mThe[0m[2m environment[0m[2m has[0m[2m a[0m[2m broken[0m[2m PY[0m[2mTH[0m[2mON[0m[2mPATH[0m[2m or[0m[2m some[0m[2m other[0m[2m system[0m[2m-level[0m[2m issue[0m[2m where[0m[2m the[0m[2m Python[0m[2m [0m[2m3[0m[2m.[0m[2m12[0m[2m is[0m[2m picking[0m[2m up[0m[2m the[0m[2m [0m[2m3[0m[2m.[0m[2m11[0m[2m standard[0m[2m library[0m[2m from[0m[2m the[0m[2m uv[0m[2m cache[0m[2m.[0m[2m Let[0m[2m me[0m[2m try[0m[2m setting[0m[2m PY[0m[2mTH[0m[2mON[0m[2mPATH[0m[2m to[0m[2m empty[0m[2m to[0m[2m avoid[0m[2m the[0m[2m uv[0m[2m cache[0m[2m pollution[0m[2m.[0m
[36m[run_commands][0m powershell -Command $env:PYTHONPATH=''; & 'C:\Users\60217257\AppData\Local\Programs\Python\Python312\python.exe' -c "...
   [90m⎿ [0m[32mok[0m
[2m[thinking] [0m[2mThis[0m[2m is[0m[2m a[0m[2m serious[0m[2m system[0m[2m-level[0m[2m issue[0m[2m where[0m[2m the[0m[2m Python[0m[2m standard[0m[2m library[0m[2m path[0m[2m is[0m[2m corrupted[0m[2m.[0m[2m The[0m[2m PY[0m[2mTH[0m[2mON[0m[2mHOME[0m[2m or[0m[2m some[0m[2m registry[0m[2m key[0m[2m is[0m[2m pointing[0m[2m to[0m[2m the[0m[2m wrong[0m[2m ([0m[2m3[0m[2m.[0m[2m11[0m[2m)[0m[2m std[0m[2mlib[0m[2m location[0m[2m.[0m[2m This[0m[2m is[0m[2m not[0m[2m something[0m[2m I[0m[2m can[0m[2m fix[0m[2m right[0m[2m now[0m[2m -[0m[2m it[0m[2m's[0m[2m a[0m[2m pre[0m[2m-existing[0m[2m environment[0m[2m issue[0m[2m.[0m[2m Let[0m[2m me[0m[2m check[0m[2m if[0m[2m there[0m[2m is[0m[2m a[0m[2m way[0m[2m to[0m[2m work[0m[2m around[0m[2m it[0m[2m by[0m[2m setting[0m[2m proper[0m[2m environment[0m[2m variables[0m[2m.

[0m[2mActually[0m[2m,[0m[2m let[0m[2m me[0m[2m check[0m[2m the[0m[2m PY[0m[2mTH[0m[2mON[0m[2mHOME[0m[2m and[0m[2m PY[0m[2mTH[0m[2mON[0m[2mPATH[0m[2m env[0m[2m vars[0m[2m.[0m
[36m[run_commands][0m powershell -Command $env:PYTHONHOME='C:\Users\60217257\AppData\Local\Programs\Python\Python312'; $env:PYTHONPATH=''; ...
   [90m⎿ [0m[2m3.12.10 (tags/v3.12.10:0cc8128, Apr  8 2025, 12:21:36) [MSC v.1943 64 bit (AM...[0m
[2m[thinking] [0m[2mSetting[0m[2m PY[0m[2mTH[0m[2mON[0m[2mHOME[0m[2m to[0m[2m the[0m[2m correct[0m[2m Python[0m[2m [0m[2m3[0m[2m.[0m[2m12[0m[2m path[0m[2m fixes[0m[2m the[0m[2m issue[0m[2m.[0m[2m The[0m[2m environment[0m[2m was[0m[2m corrupted[0m[2m because[0m[2m PY[0m[2mTH[0m[2mON[0m[2mHOME[0m[2m was[0m[2m pointing[0m[2m to[0m[2m the[0m[2m wrong[0m[2m location[0m[2m ([0m[2mor[0m[2m not[0m[2m set[0m[2m and[0m[2m Python[0m[2m was[0m[2m resolving[0m[2m it[0m[2m incorrectly[0m[2m).[0m[2m Let[0m[2m me[0m[2m now[0m[2m try[0m[2m running[0m[2m the[0m[2m validation[0m[2m with[0m[2m the[0m[2m corrected[0m[2m environment[0m[2m.[0m
The Python environment has a broken PYTHONHOME. Let me fix this and run the validation steps.
[36m[run_commands][0m
   [90m⎿ [0m[31merror: {"error":"Tool call run_commands emitted invalid JSON arguments: Tool call arguments could not be parsed as JSON. Ensure the outer tool payload is valid JSON and escape embedded quotes/newlines inside string fields."}[0m
[2m[thinking] [0m[2mLet[0m[2m me[0m[2m try[0m[2m running[0m[2m the[0m[2m validation[0m[2m with[0m[2m the[0m[2m corrected[0m[2m Python[0m[2m home[0m[2m and[0m[2m see[0m[2m if[0m[2m we[0m[2m can[0m[2m validate[0m[2m the[0m[2m existing[0m[2m data[0m[2m.[0m
[36m[run_commands][0m powershell -Command $env:PYTHONHOME='C:\Users\60217257\AppData\Local\Programs\Python\Python312'; $env:PYTHONPATH='C:\...
   [90m⎿ [0m[2m{
   "schema_version": "1.0",
   "record_schema_version": "1.0",
   "records_...[0m
[2m[thinking] [0m[2mExcellent[0m[2m![0m[2m The[0m[2m validation[0m[2m passes[0m[2m for[0m[2m the[0m[2m existing[0m[2m [0m[2m1[0m[2m-record[0m[2m fixture[0m[2m.[0m[2m Now[0m[2m let[0m[2m me[0m[2m perform[0m[2m the[0m[2m full[0m[2m corpus[0m[2m bootstrap[0m[2m tasks[0m[2m.[0m[2m Let[0m[2m me[0m[2m understand[0m[2m what[0m[2m needs[0m[2m to[0m[2m happen[0m[2m:

[0m[2m1[0m[2m.[0m[2m The[0m[2m mission[0m[2m is[0m[2m to[0m[2m "[0m[2mExecute[0m[2m the[0m[2m Full[0m[2m Corpus[0m[2m Bootstrap[0m[2m Download[0m[2m for[0m[2m New[0m[2m Zealand[0m[2m legislation[0m[2m,[0m[2m processing[0m[2m historical[0m[2m batches[0m[2m via[0m[2m scheduled[0m[2m workflows[0m[2m and[0m[2m validating[0m[2m sche[0m[2mmas[0m[2m."

[0m[2m2[0m[2m.[0m[2m We[0m[2m have[0m[2m:
[0m[2m  [0m[2m -[0m[2m `[0m[2mse[0m[2meds[0m[2m/work[0m[2m_ids[0m[2m.txt[0m[2m`[0m[2m ([0m[2m1[0m[2mMB[0m[2m,[0m[2m the[0m[2m main[0m[2m seed[0m[2m file[0m[2m with[0m[2m work[0m[2m IDs[0m[2m)
[0m[2m  [0m[2m -[0m[2m `[0m[2mse[0m[2meds[0m[2m/re[0m[2mview[0m[2med[0m[2m/h[0m[2mist[0m[2morical[0m[2m-work[0m[2m-[0m[2mids[0m[2m-[0m[2m000[0m[2m1[0m[2m.txt[0m[2m`[0m[2m through[0m[2m `[0m[2m006[0m[2m8[0m[2m.txt[0m[2m`[0m[2m ([0m[2mhistorical[0m[2m batch[0m[2m seeds[0m[2m)
[0m[2m  [0m[2m -[0m[2m Work[0m[2mflows[0m[2m in[0m[2m `.[0m[2mgithub[0m[2m/work[0m[2mflows[0m[2m/f[0m[2mull[0m[2m_c[0m[2mor[0m[2mpus[0m[2m_b[0m[2mootstrap[0m[2m.yml[0m[2m`,[0m[2m `[0m[2mhistorical[0m[2m_b[0m[2match[0m[2m_re[0m[2mview[0m[2m.yml[0m[2m`,[0m[2m `[0m[2mhistorical[0m[2m_h[0m[2mf[0m[2m_[0m[2mupload[0m[2m.yml[0m[2m`,[0m[2m etc[0m[2m.
[0m[2m  [0m[2m -[0m[2m A[0m[2m schema[0m[2m at[0m[2m `[0m[2msche[0m[2mmas[0m[2m/[0m[2mleg[0m[2mislation[0m[2m_record[0m[2m.s[0m[2mchema[0m[2m.json[0m[2m`
[0m[2m  [0m[2m -[0m[2m Validation[0m[2m logic[0m[2m in[0m[2m `[0m[2msrc[0m[2m/n[0m[2mz[0m[2m_[0m[2mleg[0m[2mislation[0m[2m_c[0m[2mor[0m[2mpus[0m[2m/[0m[2mvalidate[0m[2m.py[0m[2m`

[0m[2m3[0m[2m.[0m[2m Since[0m[2m this[0m[2m environment[0m[2m doesn[0m[2m't[0m[2m have[0m[2m API[0m[2m keys[0m[2m ([0m[2mNZ[0m[2m_[0m[2mLE[0m[2mGIS[0m[2mL[0m[2mATION[0m[2m_API[0m[2m_KEY[0m[2m,[0m[2m HF[0m[2m_TOKEN[0m[2m),[0m[2m I[0m[2m can[0m[2m't[0m[2m actually[0m[2m run[0m[2m the[0m[2m network[0m[2m-dependent[0m[2m sync[0m[2m.[0m[2m But[0m[2m I[0m[2m can[0m[2m:
[0m[2m  [0m[2m -[0m[2m Validate[0m[2m the[0m[2m schema[0m[2m is[0m[2m correct[0m[2m
[0m[2m  [0m[2m -[0m[2m Validate[0m[2m the[0m[2m seed[0m[2m files[0m[2m are[0m[2m properly[0m[2m formatted[0m[2m
[0m[2m  [0m[2m -[0m[2m Run[0m[2m the[0m[2m bootstrap[0m[2m plan[0m[2m step[0m[2m locally[0m[2m
[0m[2m  [0m[2m -[0m[2m Validate[0m[2m the[0m[2m batch[0m[2m seed[0m[2m files[0m[2m
[0m[2m  [0m[2m -[0m[2m Ensure[0m[2m all[0m[2m scripts[0m[2m,[0m[2m configurations[0m[2m and[0m[2m workflows[0m[2m are[0m[2m correct[0m[2m

[0m[2mLet[0m[2m me[0m[2m do[0m[2m what[0m[2m can[0m[2m be[0m[2m done[0m[2m locally[0m[2m without[0m[2m network[0m[2m access[0m[2m.[0m[2m Let[0m[2m me[0m[2m first[0m[2m update[0m[2m the[0m[2m shared[0m[2m state[0m[2m files[0m[2m,[0m[2m then[0m[2m run[0m[2m the[0m[2m validation[0m[2m and[0m[2m seed[0m[2m checks[0m[2m.[0m
Validation passes for the existing fixture. Let me now perform the comprehensive checks - validate seed files, run the bootstrap planning logic locally, and verify all schemas.