[2m[thinking] [0m[2mThe[0m[2m user[0m[2m wants[0m[2m me[0m[2m to[0m[2m act[0m[2m as[0m[2m a[0m[2m sub[0m[2m-agent[0m[2m and[0m[2m follow[0m[2m specific[0m[2m syntax[0m[2m for[0m[2m actions[0m[2m.[0m[2m Let[0m[2m me[0m[2m understand[0m[2m what[0m[2m they[0m[2m need[0m[2m.[0m[2m But[0m[2m they[0m[2m haven[0m[2m't[0m[2m actually[0m[2m asked[0m[2m a[0m[2m question[0m[2m yet[0m[2m -[0m[2m they[0m[2m've[0m[2m just[0m[2m set[0m[2m up[0m[2m the[0m[2m context[0m[2m that[0m[2m I[0m[2m should[0m[2m use[0m[2m precise[0m[2m syntax[0m[2m for[0m[2m actions[0m[2m.

[0m[2mLet[0m[2m me[0m[2m wait[0m[2m for[0m[2m their[0m[2m actual[0m[2m question[0m[2m or[0m[2m task[0m[2m.[0m
Understood. I'm operating in the Antigravity IDE with a shim layer for actions. I'll use the precise syntax you've defined whenever I need to perform actions.

What would you like me to work on? Please provide your task or question.
[2m[thinking] [0m[2mLet[0m[2m me[0m[2m analyze[0m[2m the[0m[2m task[0m[2m.[0m[2m I[0m[2m'm[0m[2m Oracle[0m[2m,[0m[2m a[0m[2m sub[0m[2m-agent[0m[2m responsible[0m[2m for[0m[2m providing[0m[2m deep[0m[2m architectural[0m[2m insights[0m[2m,[0m[2m debugging[0m[2m complex[0m[2m issues[0m[2m,[0m[2m and[0m[2m finding[0m[2m root[0m[2m causes[0m[2m.[0m[2m The[0m[2m mission[0m[2m is[0m[2m about[0m[2m executing[0m[2m a[0m[2m Full[0m[2m Corpus[0m[2m Bootstrap[0m[2m Download[0m[2m for[0m[2m New[0m[2m Zealand[0m[2m legislation[0m[2m.

[0m[2mFirst[0m[2m,[0m[2m I[0m[2m need[0m[2m to[0m[2m understand[0m[2m the[0m[2m existing[0m[2m code[0m[2mbase[0m[2m structure[0m[2m to[0m[2m provide[0m[2m architectural[0m[2m insights[0m[2m about[0m[2m how[0m[2m this[0m[2m system[0m[2m works[0m[2m.[0m[2m Let[0m[2m me[0m[2m explore[0m[2m the[0m[2m repository[0m[2m.[0m
I am Oracle. Let me begin by surveying the repository to understand the architectural landscape before providing deep insights.
[36m[run_commands][0m cmd.exe /c dir C:\Users\60217257\OneDrive - Flinders\repos\legal-nz\corpus-law-nz
   [90m⎿ [0m[2mVolume in drive C is System
  Volume Serial Number is 3E21-483F
 
  Directory...[0m
[2m[thinking] [0m[2mLet[0m[2m me[0m[2m explore[0m[2m the[0m[2m key[0m[2m directories[0m[2m to[0m[2m understand[0m[2m the[0m[2m architecture[0m[2m.[0m
[36m[run_commands][0m cmd.exe /c dir /s /b C:\Users\60217257\OneDrive - Flinders\repos\legal-nz\corpus-law-nz\src; cmd.exe /c dir /s /b C:\...
   [90m⎿ [0m[32mok[0m
[2m[thinking] [0m[2mThe[0m[2m path[0m[2m has[0m[2m spaces[0m[2m ("[0m[2mOne[0m[2mDrive[0m[2m -[0m[2m Fl[0m[2minders[0m[2m"),[0m[2m which[0m[2m breaks[0m[2m the[0m[2m `/[0m[2ms[0m[2m /[0m[2mb[0m[2m`[0m[2m flag[0m[2m.[0m[2m Let[0m[2m me[0m[2m use[0m[2m a[0m[2m different[0m[2m approach[0m[2m.[0m
[36m[run_commands][0m cmd.exe /c cd /d "C:\Users\60217257\OneDrive - Flinders\repos\legal-nz\corpus-law-nz" && dir /s /b src; cmd.exe /c cd...
   [90m⎿ [0m[32mok[0m
[2m[thinking] [0m[2mThe[0m[2m quoting[0m[2m issue[0m[2m with[0m[2m the[0m[2m path[0m[2m containing[0m[2m spaces[0m[2m is[0m[2m tricky[0m[2m.[0m[2m Let[0m[2m me[0m[2m try[0m[2m using[0m[2m the[0m[2m short[0m[2m name[0m[2m ([0m[2m8[0m[2m.[0m[2m3[0m[2m)[0m[2m or[0m[2m use[0m[2m a[0m[2m different[0m[2m approach[0m[2m.[0m
[36m[run_commands][0m cmd.exe /c for %i in ("C:\Users\60217257\OneDrive - Flinders\repos\legal-nz\corpus-law-nz\src") do @dir /s /b %~si
   [90m⎿ [0m[32mok[0m
[2m[thinking] [0m[2mLet[0m[2m me[0m[2m try[0m[2m using[0m[2m PowerShell[0m[2m instead[0m[2m which[0m[2m handles[0m[2m spaces[0m[2m better[0m[2m.[0m
[36m[run_commands][0m powershell -Command Get-ChildItem -Path "C:\Users\60217257\OneDrive - Flinders\repos\legal-nz\corpus-law-nz\src" -Rec...
   [90m⎿ [0m[2mnz_legislation_corpus
 nz_legislation_corpus\__pycache__
 nz_legislation_corp... (+3 more)[0m
[2m[thinking] [0m[2mExcellent[0m[2m.[0m[2m Now[0m[2m I[0m[2m can[0m[2m see[0m[2m the[0m[2m full[0m[2m architecture[0m[2m.[0m[2m Let[0m[2m me[0m[2m read[0m[2m the[0m[2m key[0m[2m files[0m[2m to[0m[2m understand[0m[2m the[0m[2m system[0m[2m,[0m[2m especially[0m[2m:

[0m[2m1[0m[2m.[0m[2m Track[0m[2m [0m[2m07[0m[2m ([0m[2mFull[0m[2m Corpus[0m[2m Bootstrap[0m[2m Download[0m[2m)[0m[2m -[0m[2m this[0m[2m is[0m[2m our[0m[2m mission[0m[2m
[0m[2m2[0m[2m.[0m[2m The[0m[2m main[0m[2m source[0m[2m files[0m[2m to[0m[2m understand[0m[2m the[0m[2m pipeline[0m[2m
[0m[2m3[0m[2m.[0m[2m The[0m[2m sche[0m[2mmas[0m[2m
[0m[2m4[0m[2m.[0m[2m The[0m[2m historical[0m[2m workflow[0m[2m helpers[0m[2m
[0m[2m5[0m[2m.[0m[2m The[0m[2m conductor[0m[2m workflow[0m[2m setup[0m[2m

[0m[2mLet[0m[2m me[0m[2m read[0m[2m the[0m[2m critical[0m[2m files[0m[2m.[0m
Now let me read the key architectural files to understand the system deeply.
[36m[read_files][0m {"files":[{"path":"C:\\Users\\60217257\\OneDrive - Flinde...
   [90m⎿ [0m[2m1 | # Spec - Full Corpus Bootstrap Download
  2 | 
  3 | ## Status
  4 | in_p... (+4 more)[0m
[2m[thinking] [0m[2mI[0m[2m now[0m[2m have[0m[2m a[0m[2m comprehensive[0m[2m understanding[0m[2m of[0m[2m the[0m[2m architecture[0m[2m.[0m[2m Let[0m[2m me[0m[2m read[0m[2m the[0m[2m source[0m[2m code[0m[2m files[0m[2m to[0m[2m understand[0m[2m the[0m[2m pipeline[0m[2m and[0m[2m sche[0m[2mmas[0m[2m deeper[0m[2m,[0m[2m especially[0m[2m the[0m[2m key[0m[2m modules[0m[2m that[0m[2m drive[0m[2m the[0m[2m corpus[0m[2m download[0m[2m.[0m
Now let me read the core pipeline modules to understand the download architecture and schema validation.
[36m[read_files][0m {"files":[{"path":"C:\\Users\\60217257\\OneDrive - Flinde...
   [90m⎿ [0m[2m1 | from __future__ import annotations
   2 | 
   3 | import logging
   4 | i... (+4 more)[0m
[2m[thinking] [0m[2mNow[0m[2m I[0m[2m have[0m[2m a[0m[2m comprehensive[0m[2m understanding[0m[2m.[0m[2m Let[0m[2m me[0m[2m also[0m[2m read[0m[2m the[0m[2m sche[0m[2mmas[0m[2m,[0m[2m the[0m[2m historical[0m[2m workflow[0m[2m helpers[0m[2m,[0m[2m and[0m[2m examine[0m[2m seeds[0m[2m/data[0m[2m to[0m[2m check[0m[2m for[0m[2m any[0m[2m batch[0m[2m processing[0m[2m gaps[0m[2m.[0m
Let me now examine the schemas, historical helpers, the current seeds and data state.
[36m[read_files][0m {"files":[{"path":"C:\\Users\\60217257\\OneDrive - Flinde...
   [90m⎿ [0m[2m1 | {  2 |   "$schema": "https://json-schema.org/draft/2020-12/schema",  3 | ... (+3 more)[0m
[2m[thinking] [0m[2mNow[0m[2m let[0m[2m me[0m[2m check[0m[2m the[0m[2m seeds[0m[2m directory[0m[2m and[0m[2m the[0m[2m data[0m[2m directory[0m[2m for[0m[2m the[0m[2m current[0m[2m state[0m[2m of[0m[2m the[0m[2m artifacts[0m[2m.[0m
Let me check the seeds, data, and generated directories for current batch evidence.
[36m[run_commands][0m powershell -Command Get-ChildItem -Path "C:\Users\60217257\OneDrive - Flinders\repos\legal-nz\corpus-law-nz\seeds" -R...
   [90m⎿ [0m[2mreviewed
 README.md
 work_ids.example.txt
 work_ids.txt
 work_ids.txt.example... (+2 more)[0m
[2m[thinking] [0m[2mLet[0m[2m me[0m[2m also[0m[2m check[0m[2m the[0m[2m current[0m[2m test[0m[2m suite[0m[2m state[0m[2m to[0m[2m validate[0m[2m schema[0m[2m integrity[0m[2m.[0m
Let me check the test suite, the workflow files, and the runtime capacity document.
[36m[read_files][0m {"files":[{"path":"C:\\Users\\60217257\\OneDrive - Flinde...
   [90m⎿ [0m[2m1 | from pathlib import Path
   2 | 
   3 | import pytest
   4 | 
   5 | from... (+2 more)[0m
[2m[thinking] [0m[2mNow[0m[2m I[0m[2m have[0m[2m a[0m[2m comprehensive[0m[2m understanding[0m[2m of[0m[2m the[0m[2m entire[0m[2m architecture[0m[2m.[0m[2m Let[0m[2m me[0m[2m compile[0m[2m my[0m[2m findings[0m[2m and[0m[2m provide[0m[2m deep[0m[2m architectural[0m[2m insights[0m[2m.

[0m[2mLet[0m[2m me[0m[2m also[0m[2m check[0m[2m if[0m[2m tests[0m[2m still[0m[2m pass[0m[2m and[0m[2m check[0m[2m the[0m[2m current[0m[2m git[0m[2m state[0m[2m.[0m
Let me check the current test status and git state.
[36m[run_commands][0m powershell -Command cd "C:\Users\60217257\OneDrive - Flinders\repos\legal-nz\corpus-law-nz" ; git status --short; pow...
   [90m⎿ [0m[2m?? .swarm/ ?? findings.md ?? logs/ ?? progress.md ?? subagents.yaml ?? swarm-... (+1 more)[0m
[2m[thinking] [0m[2mNow[0m[2m I[0m[2m have[0m[2m a[0m[2m complete[0m[2m picture[0m[2m.[0m[2m Let[0m[2m me[0m[2m compile[0m[2m all[0m[2m findings[0m[2m and[0m[2m update[0m[2m the[0m[2m shared[0m[2m state[0m[2m files[0m[2m as[0m[2m Oracle[0m[2m.[0m[2m Let[0m[2m me[0m[2m also[0m[2m examine[0m[2m the[0m[2m GitHub[0m[2m workflow[0m[2m file[0m[2m for[0m[2m the[0m[2m full[0m[2m corpus[0m[2m bootstrap[0m[2m to[0m[2m understand[0m[2m the[0m[2m automation[0m[2m pipeline[0m[2m.[0m
Let me check the GitHub Actions workflow for full corpus bootstrap and the historical batch review workflow.
[36m[run_commands][0m powershell -Command Get-ChildItem -Path "C:\Users\60217257\OneDrive - Flinders\repos\legal-nz\corpus-law-nz\.github\w...
   [90m⎿ [0m[2mannual_zenodo_archive.yml
 codeql.yml
 code_quality.yml
 doctor.yml
 full_cor...[0m
[2m[thinking] [0m[2mI[0m[2m now[0m[2m have[0m[2m enough[0m[2m to[0m[2m compile[0m[2m comprehensive[0m[2m architectural[0m[2m insights[0m[2m.[0m[2m Let[0m[2m me[0m[2m read[0m[2m the[0m[2m full[0m[2m_c[0m[2mor[0m[2mpus[0m[2m_b[0m[2mootstrap[0m[2m.yml[0m[2m to[0m[2m understand[0m[2m the[0m[2m automation[0m[2m pipeline[0m[2m.[0m
[36m[read_files][0m {"files":[{"path":"C:\\Users\\60217257\\OneDrive - Flinde...
   [90m⎿ [0m[2m1 | name: Full corpus bootstrap
   2 | 
   3 | on:
   4 |   workflow_dispatch... (+1 more)[0m
[2m[thinking] [0m[2mExcellent[0m[2m.[0m[2m I[0m[2m now[0m[2m have[0m[2m a[0m[2m comprehensive[0m[2m understanding[0m[2m of[0m[2m the[0m[2m entire[0m[2m system[0m[2m.[0m[2m Let[0m[2m me[0m[2m compile[0m[2m my[0m[2m Oracle[0m[2m findings[0m[2m and[0m[2m update[0m[2m the[0m[2m shared[0m[2m state[0m[2m files[0m[2m.[0m[2m Let[0m[2m me[0m[2m now[0m[2m produce[0m[2m my[0m[2m deep[0m[2m architectural[0m[2m analysis[0m[2m.

[0m[2mKey[0m[2m architectural[0m[2m insights[0m[2m:

[0m[2m1[0m[2m.[0m[2m **[0m[2mThree[0m[2m-tier[0m[2m Pipeline[0m[2m Architecture[0m[2m**[0m[2m:
[0m[2m  [0m[2m -[0m[2m **[0m[2mDiscovery[0m[2m Layer[0m[2m**:[0m[2m `[0m[2mn[0m[2mz[0m[2m_api[0m[2m.py[0m[2m`[0m[2m +[0m[2m `[0m[2mdis[0m[2mcovery[0m[2m.py[0m[2m`[0m[2m —[0m[2m API[0m[2m client[0m[2m with[0m[2m rate[0m[2m-limiting[0m[2m,[0m[2m ret[0m[2mry[0m[2m,[0m[2m and[0m[2m quota[0m[2m management[0m[2m
[0m[2m  [0m[2m -[0m[2m **[0m[2mNormal[0m[2mization[0m[2m Layer[0m[2m**:[0m[2m `[0m[2mnormal[0m[2mize[0m[2m.py[0m[2m`[0m[2m +[0m[2m `[0m[2mext[0m[2mract[0m[2m_text[0m[2m.py[0m[2m`[0m[2m —[0m[2m transforms[0m[2m API[0m[2m raw[0m[2m data[0m[2m into[0m[2m standardized[0m[2m records[0m[2m
[0m[2m  [0m[2m -[0m[2m **[0m[2mValidation[0m[2m/P[0m[2mublishing[0m[2m Layer[0m[2m**:[0m[2m `[0m[2mvalidate[0m[2m.py[0m[2m`[0m[2m +[0m[2m `[0m[2mmanifest[0m[2m.py[0m[2m`[0m[2m +[0m[2m `[0m[2mhf[0m[2m_s[0m[2mync[0m[2m.py[0m[2m`[0m[2m +[0m[2m `[0m[2mzen[0m[2modo[0m[2m.py[0m[2m`[0m[2m —[0m[2m validates[0m[2m,[0m[2m packages[0m[2m,[0m[2m and[0m[2m publishes[0m[2m

[0m[2m2[0m[2m.[0m[2m **[0m[2mData[0m[2m Flow[0m[2m**:[0m[2m NZ[0m[2m Legislation[0m[2m API[0m[2m →[0m[2m `[0m[2mNZ[0m[2mLeg[0m[2mislation[0m[2mClient[0m[2m.dis[0m[2mcover[0m[2m_[0m[2mversions[0m[2m()`[0m[2m →[0m[2m `[0m[2m_[0m[2mdownload[0m[2m_first[0m[2m_[0m[2mavailable[0m[2m_format[0m[2m()`[0m[2m →[0m[2m `[0m[2mnormal[0m[2mize[0m[2m_version[0m[2m_record[0m[2m()`[0m[2m →[0m[2m `[0m[2mrecords[0m[2m.json[0m[2ml[0m[2m`[0m[2m +[0m[2m `[0m[2mpar[0m[2mquet[0m[2m/[0m[2m`[0m[2m +[0m[2m `[0m[2mraw[0m[2m_x[0m[2mml[0m[2m/[0m[2m`[0m[2m →[0m[2m Hug[0m[2mging[0m[2m Face[0m[2m /[0m[2m Zen[0m[2modo[0m[2m

[0m[2m3[0m[2m.[0m[2m **[0m[2mBatch[0m[2m Processing[0m[2m Pattern[0m[2m**:[0m[2m [0m[2m33[0m[2m,[0m[2m693[0m[2m work[0m[2m IDs[0m[2m split[0m[2m into[0m[2m [0m[2m68[0m[2m batches[0m[2m of[0m[2m [0m[2m500[0m[2m.[0m[2m Each[0m[2m batch[0m[2m goes[0m[2m through[0m[2m no[0m[2m-[0m[2mupload[0m[2m →[0m[2m review[0m[2m →[0m[2m confirmed[0m[2m-[0m[2mupload[0m[2m cycle[0m[2m.

[0m[2m4[0m[2m.[0m[2m **[0m[2mRate[0m[2m Lim[0m[2miting[0m[2m Architecture[0m[2m**:[0m[2m Multi[0m[2m-tier[0m[2m sleep[0m[2m strategy[0m[2m:
[0m[2m  [0m[2m -[0m[2m P[0m[2macing[0m[2m sleep[0m[2m (`[0m[2m_[0m[2msleep[0m[2m_for[0m[2m_p[0m[2macing[0m[2m`[0m[2m):[0m[2m maintains[0m[2m minimum[0m[2m time[0m[2m between[0m[2m requests[0m[2m
[0m[2m  [0m[2m -[0m[2m Qu[0m[2mota[0m[2m sleep[0m[2m (`[0m[2m_[0m[2msleep[0m[2m_for[0m[2m_l[0m[2mow[0m[2m_[0m[2mqu[0m[2mota[0m[2m`[0m[2m):[0m[2m slows[0m[2m when[0m[2m remaining[0m[2m quota[0m[2m drops[0m[2m below[0m[2m watermark[0m[2m
[0m[2m  [0m[2m -[0m[2m Cap[0m[2m at[0m[2m [0m[2m60[0m[2ms[0m[2m max[0m[2m sleep[0m[2m ([0m[2madded[0m[2m [0m[2m202[0m[2m6[0m[2m-[0m[2m06[0m[2m-[0m[2m13[0m[2m)
[0m[2m  [0m[2m -[0m[2m [0m[2m429[0m[2m/[0m[2m403[0m[2m ret[0m[2mry[0m[2m with[0m[2m exponential[0m[2m back[0m[2moff[0m[2m
[0m[2m  [0m[2m -[0m[2m [0m[2m5[0m[2mxx[0m[2m ret[0m[2mry[0m[2m with[0m[2m exponential[0m[2m back[0m[2moff[0m[2m

[0m[2m5[0m[2m.[0m[2m **[0m[2mSchema[0m[2m Validation[0m[2m**:[0m[2m JSON[0m[2m Schema[0m[2m ([0m[2mD[0m[2mraft[0m[2m [0m[2m202[0m[2m0[0m[2m-[0m[2m12[0m[2m)[0m[2m +[0m[2m `[0m[2mvalidate[0m[2m.py[0m[2m`[0m[2m field[0m[2m-level[0m[2m checks[0m[2m.[0m[2m Three[0m[2m sche[0m[2mmas[0m[2m:[0m[2m `[0m[2mleg[0m[2mislation[0m[2m_record[0m[2m.s[0m[2mchema[0m[2m.json[0m[2m`[0m[2m ([0m[2mrecord[0m[2m-level[0m[2m),[0m[2m `[0m[2mshared[0m[2m_n[0m[2mz[0m[2m_c[0m[2mor[0m[2mpus[0m[2m_c[0m[2more[0m[2m.s[0m[2mchema[0m[2m.json[0m[2m`[0m[2m ([0m[2mcross[0m[2m-cor[0m[2mpus[0m[2m),[0m[2m `[0m[2mrelease[0m[2m_[0m[2mevidence[0m[2m.s[0m[2mchema[0m[2m.json[0m[2m`[0m[2m ([0m[2marchive[0m[2m-level[0m[2m)

[0m[2m6[0m[2m.[0m[2m **[0m[2mCurrent[0m[2m State[0m[2m**:[0m[2m 
[0m[2m  [0m[2m -[0m[2m [0m[2m3[0m[2m/[0m[2m68[0m[2m historical[0m[2m batches[0m[2m confirmed[0m[2m-[0m[2mupload[0m[2med[0m[2m ([0m[2m000[0m[2m1[0m[2m-[0m[2m000[0m[2m3[0m[2m)
[0m[2m  [0m[2m -[0m[2m Batch[0m[2m [0m[2m000[0m[2m4[0m[2m no[0m[2m-[0m[2mupload[0m[2m triggered[0m[2m
[0m[2m  [0m[2m -[0m[2m [0m[2m64[0m[2m batches[0m[2m still[0m[2m in[0m[2m no[0m[2m-[0m[2mupload[0m[2m →[0m[2m review[0m[2m →[0m[2m confirmed[0m[2m-[0m[2mupload[0m[2m cycle[0m[2m
[0m[2m  [0m[2m -[0m[2m Full[0m[2m live[0m[2m corpus[0m[2m sync[0m[2m deferred[0m[2m to[0m[2m GitHub[0m[2m Actions[0m[2m ([0m[2mno[0m[2m local[0m[2m API[0m[2m key[0m[2m/[0m[2mdisk[0m[2m)
[0m[2m  [0m[2m -[0m[2m Pilot[0m[2m run[0m[2m showed[0m[2m [0m[2m5[0m[2mh[0m[2m14[0m[2mm[0m[2m for[0m[2m batch[0m[2m [0m[2m000[0m[2m1[0m[2m at[0m[2m [0m[2m1[0m[2m.[0m[2m0[0m[2ms[0m[2m pacing[0m[2m

[0m[2m7[0m[2m.[0m[2m **[0m[2mCritical[0m[2m Path[0m[2m to[0m[2m Completion[0m[2m**[0m[2m:
[0m[2m  [0m[2m -[0m[2m Complete[0m[2m remaining[0m[2m [0m[2m65[0m[2m batch[0m[2m reviews[0m[2m through[0m[2m `[0m[2mhistorical[0m[2m_b[0m[2match[0m[2m_re[0m[2mview[0m[2m.yml[0m[2m`
[0m[2m  [0m[2m -[0m[2m Run[0m[2m serial[0m[2m full[0m[2m bootstrap[0m[2m on[0m[2m GitHub[0m[2m Actions[0m[2m
[0m[2m  [0m[2m -[0m[2m Trigger[0m[2m full[0m[2m Hug[0m[2mging[0m[2m Face[0m[2m upload[0m[2m via[0m[2m `[0m[2mfull[0m[2m_c[0m[2mor[0m[2mpus[0m[2m_h[0m[2mf[0m[2m_[0m[2mupload[0m[2m.yml[0m[2m`
[0m[2m  [0m[2m -[0m[2m Enable[0m[2m scheduled[0m[2m `[0m[2mhf[0m[2m_s[0m[2mync[0m[2m.yml[0m[2m`[0m[2m for[0m[2m daily[0m[2m maintenance[0m[2m
[0m[2m  [0m[2m -[0m[2m Enable[0m[2m monthly[0m[2m full[0m[2m reconciliation[0m[2m via[0m[2m `[0m[2mmonth[0m[2mly[0m[2m_full[0m[2m_re[0m[2mconciliation[0m[2m.yml[0m[2m`

[0m[2mLet[0m[2m me[0m[2m update[0m[2m findings[0m[2m.md[0m[2m and[0m[2m progress[0m[2m.md[0m[2m with[0m[2m my[0m[2m deep[0m[2m architectural[0m[2m insights[0m[2m.[0m
Now I have comprehensive insight into the entire system. Let me update the shared state files with my deep architectural findings.
[36m[editor][0m {"path":"C:\\Users\\60217257\\OneDrive - Flinders\\repos\...
   [90m⎿ [0m[2m{"query":"edit:C:\\Users\\60217257\\OneDrive - Flinders\\repos\\legal-nz\\corpus-law-nz\\findings...[0m
[2m[thinking] [0m[2mI[0m[2m need[0m[2m to[0m[2m use[0m[2m old[0m[2m_text[0m[2m when[0m[2m editing[0m[2m an[0m[2m existing[0m[2m file[0m[2m or[0m[2m use[0m[2m insert[0m[2m_line[0m[2m.[0m[2m Let[0m[2m me[0m[2m read[0m[2m the[0m[2m current[0m[2m findings[0m[2m.md[0m[2m content[0m[2m first[0m[2m,[0m[2m then[0m[2m replace[0m[2m it[0m[2m.[0m
[36m[read_files][0m {"files":[{"path":"C:\\Users\\60217257\\OneDrive - Flinde...
   [90m⎿ [0m[2m1 | # Findings & Scratchpad
 2 | 
 3 | Use this file to store shared knowledg...[0m
[2m[thinking] [0m[2mI[0m[2m see[0m[2m,[0m[2m it[0m[2m's[0m[2m a[0m[2m small[0m[2m file[0m[2m.[0m[2m Let[0m[2m me[0m[2m replace[0m[2m the[0m[2m entire[0m[2m content[0m[2m.[0m
[36m[editor][0m {"path":"C:\\Users\\60217257\\OneDrive - Flinders\\repos\...
   [90m⎿ [0m[2m{"query":"edit:C:\\Users\\60217257\\OneDrive - Flinders\\repos\\legal-nz\\corpus-law-nz\\findings...[0m
[2m[thinking] [0m[2mI[0m[2m can[0m[2m't[0m[2m use[0m[2m editor[0m[2m tool[0m[2m with[0m[2m replace[0m[2m since[0m[2m it[0m[2m can[0m[2m't[0m[2m find[0m[2m the[0m[2m old[0m[2m text[0m[2m exactly[0m[2m.[0m[2m Let[0m[2m me[0m[2m try[0m[2m inserting[0m[2m at[0m[2m line[0m[2m [0m[2m1[0m[2m,[0m[2m or[0m[2m just[0m[2m use[0m[2m the[0m[2m sh[0m[2mim[0m[2m writing[0m[2m tool[0m[2m syntax[0m[2m.[0m
I'll use the shim writing tool since the native editor is having trouble with this file.
[36m[run_commands][0m
   [90m⎿ [0m[31merror: {"error":"Tool call run_commands emitted invalid JSON arguments: Tool call arguments could not be parsed as JSON. Ensure the outer tool payload is valid JSON and escape embedded quotes/newlines inside string fields."}[0m
[2m[thinking] [0m[2mLet[0m[2m me[0m[2m try[0m[2m using[0m[2m PowerShell[0m[2m to[0m[2m write[0m[2m the[0m[2m file[0m[2m instead[0m[2m.[0m
[36m[run_commands][0m
   [90m⎿ [0m[31merror: {"error":"Tool call run_commands emitted invalid JSON arguments: Tool call arguments could not be parsed as JSON. Ensure the outer tool payload is valid JSON and escape embedded quotes/newlines inside string fields."}[0m
[2m[thinking] [0m[2mLet[0m[2m me[0m[2m try[0m[2m simpler[0m[2m commands[0m[2m.[0m